<?xml version="1.0" encoding="UTF-8"?>
<robot generator="Robot 4.1.3 (Python 3.10.0 on win32)" generated="20241204 09:45:23.419" rpa="false" schemaversion="2">
<suite id="s1" name="Test Login" source="C:\Users\muhammed.topcu\PycharmProjects\TestRobot-contactList\tests\test_login.robot">
<test id="s1-t1" name="Verify User Can Log In With Valid Credentials">
<kw name="Go To Homepage" library="loginKeywords">
<arg>${URL}</arg>
<arg>${BROWSER}</arg>
<kw name="Open Browser" library="SeleniumLibrary">
<arg>${url}</arg>
<arg>${browser}</arg>
<doc>Opens a new browser instance to the optional ``url``.</doc>
<msg timestamp="20241204 09:45:23.856" level="INFO">Opening browser 'chrome' to base url 'https://thinking-tester-contact-list.herokuapp.com/'.</msg>
<status status="PASS" starttime="20241204 09:45:23.856" endtime="20241204 09:45:33.670"/>
</kw>
<kw name="Maximize Browser Window" library="SeleniumLibrary">
<doc>Maximizes current browser window.</doc>
<status status="PASS" starttime="20241204 09:45:33.671" endtime="20241204 09:45:33.726"/>
</kw>
<status status="PASS" starttime="20241204 09:45:23.855" endtime="20241204 09:45:33.727"/>
</kw>
<kw name="Enter Username" library="loginKeywords">
<arg>${USERNAME}</arg>
<kw name="Input Text" library="SeleniumLibrary">
<arg>id=email</arg>
<arg>${username}</arg>
<doc>Types the given ``text`` into the text field identified by ``locator``.</doc>
<msg timestamp="20241204 09:45:33.730" level="INFO">Typing text 'acn@acn1.com' into text field 'id=email'.</msg>
<status status="PASS" starttime="20241204 09:45:33.729" endtime="20241204 09:45:33.998"/>
</kw>
<status status="PASS" starttime="20241204 09:45:33.728" endtime="20241204 09:45:33.999"/>
</kw>
<kw name="Enter Password" library="loginKeywords">
<arg>${PASSWORD}</arg>
<kw name="Input Text" library="SeleniumLibrary">
<arg>id=password</arg>
<arg>${password}</arg>
<doc>Types the given ``text`` into the text field identified by ``locator``.</doc>
<msg timestamp="20241204 09:45:33.999" level="INFO">Typing text '123456Acn*' into text field 'id=password'.</msg>
<status status="PASS" starttime="20241204 09:45:33.999" endtime="20241204 09:45:34.137"/>
</kw>
<status status="PASS" starttime="20241204 09:45:33.999" endtime="20241204 09:45:34.139"/>
</kw>
<kw name="Click Submit Button" library="loginKeywords">
<kw name="Click Button" library="SeleniumLibrary">
<arg>id=submit</arg>
<doc>Clicks the button identified by ``locator``.</doc>
<msg timestamp="20241204 09:45:34.142" level="INFO">Clicking button 'id=submit'.</msg>
<status status="PASS" starttime="20241204 09:45:34.141" endtime="20241204 09:45:34.230"/>
</kw>
<status status="PASS" starttime="20241204 09:45:34.140" endtime="20241204 09:45:34.230"/>
</kw>
<kw name="Login Should Be Successful" library="loginKeywords">
<kw name="Wait Until Element Is Visible" library="SeleniumLibrary">
<arg>xpath=//h1[text()='Contact List']</arg>
<doc>Waits until the element ``locator`` is visible.</doc>
<status status="PASS" starttime="20241204 09:45:34.231" endtime="20241204 09:45:34.991"/>
</kw>
<kw name="Page Should Contain Element" library="SeleniumLibrary">
<arg>xpath=//h1[text()='Contact List']</arg>
<doc>Verifies that element ``locator`` is found on the current page.</doc>
<msg timestamp="20241204 09:45:35.002" level="INFO">Current page contains element 'xpath=//h1[text()='Contact List']'.</msg>
<status status="PASS" starttime="20241204 09:45:34.992" endtime="20241204 09:45:35.002"/>
</kw>
<status status="PASS" starttime="20241204 09:45:34.230" endtime="20241204 09:45:35.002"/>
</kw>
<doc>To verify that the user can log in with valid credentials</doc>
<status status="PASS" starttime="20241204 09:45:23.854" endtime="20241204 09:45:35.003"/>
</test>
<status status="PASS" starttime="20241204 09:45:23.423" endtime="20241204 09:45:35.004"/>
</suite>
<statistics>
<total>
<stat pass="1" fail="0" skip="0">All Tests</stat>
</total>
<tag>
</tag>
<suite>
<stat pass="1" fail="0" skip="0" id="s1" name="Test Login">Test Login</stat>
</suite>
</statistics>
<errors>
<msg timestamp="20241204 09:45:23.851" level="ERROR">Error in file 'C:\Users\muhammed.topcu\PycharmProjects\TestRobot-contactList\tests\test_login.robot' on line 3: Invalid resource file extension '.yaml'. Supported extensions are '.resource', '.robot', '.txt', '.tsv', '.rst' and '.rest'.</msg>
</errors>
</robot>
